2022-01-13 21:51:58.584  INFO 11352 --- [restartedMain] c.c.e.SpringEcommerceApplication         : Starting SpringEcommerceApplication using Java 11.0.11 on DESKTOP-5Q5BGEH with PID 11352 (C:\Users\ser_2\Documents\2022\Cursos\YouTube\Elivar Largo\workspace-springtools\Proyecto eCommerce\spring-ecommerce\target\classes started by SergioMarquez in C:\Users\ser_2\Documents\2022\Cursos\YouTube\Elivar Largo\workspace-springtools\Proyecto eCommerce\spring-ecommerce)
2022-01-13 21:51:58.607  INFO 11352 --- [restartedMain] c.c.e.SpringEcommerceApplication         : No active profile set, falling back to default profiles: default
2022-01-13 21:51:58.868  INFO 11352 --- [restartedMain] .e.DevToolsPropertyDefaultsPostProcessor : Devtools property defaults active! Set 'spring.devtools.add-properties' to 'false' to disable
2022-01-13 21:51:58.868  INFO 11352 --- [restartedMain] .e.DevToolsPropertyDefaultsPostProcessor : For additional web related logging consider setting the 'logging.level.web' property to 'DEBUG'
2022-01-13 21:52:00.610  INFO 11352 --- [restartedMain] .s.d.r.c.RepositoryConfigurationDelegate : Bootstrapping Spring Data JPA repositories in DEFAULT mode.
2022-01-13 21:52:00.788  INFO 11352 --- [restartedMain] .s.d.r.c.RepositoryConfigurationDelegate : Finished Spring Data repository scanning in 165 ms. Found 4 JPA repository interfaces.
2022-01-13 21:52:02.286  INFO 11352 --- [restartedMain] o.s.b.w.embedded.tomcat.TomcatWebServer  : Tomcat initialized with port(s): 8080 (http)
2022-01-13 21:52:02.307  INFO 11352 --- [restartedMain] o.apache.catalina.core.StandardService   : Starting service [Tomcat]
2022-01-13 21:52:02.308  INFO 11352 --- [restartedMain] org.apache.catalina.core.StandardEngine  : Starting Servlet engine: [Apache Tomcat/9.0.55]
2022-01-13 21:52:02.495  INFO 11352 --- [restartedMain] o.a.c.c.C.[Tomcat].[localhost].[/]       : Initializing Spring embedded WebApplicationContext
2022-01-13 21:52:02.495  INFO 11352 --- [restartedMain] w.s.c.ServletWebServerApplicationContext : Root WebApplicationContext: initialization completed in 3626 ms
2022-01-13 21:52:02.949  INFO 11352 --- [restartedMain] o.hibernate.jpa.internal.util.LogHelper  : HHH000204: Processing PersistenceUnitInfo [name: default]
2022-01-13 21:52:03.112  INFO 11352 --- [restartedMain] org.hibernate.Version                    : HHH000412: Hibernate ORM core version 5.6.1.Final
2022-01-13 21:52:03.485  INFO 11352 --- [restartedMain] o.hibernate.annotations.common.Version   : HCANN000001: Hibernate Commons Annotations {5.1.2.Final}
2022-01-13 21:52:03.653  INFO 11352 --- [restartedMain] com.zaxxer.hikari.HikariDataSource       : HikariPool-1 - Starting...
2022-01-13 21:52:04.331  INFO 11352 --- [restartedMain] com.zaxxer.hikari.HikariDataSource       : HikariPool-1 - Start completed.
2022-01-13 21:52:04.355  INFO 11352 --- [restartedMain] org.hibernate.dialect.Dialect            : HHH000400: Using dialect: org.hibernate.dialect.MySQL5Dialect
2022-01-13 21:52:07.347  INFO 11352 --- [restartedMain] o.h.e.t.j.p.i.JtaPlatformInitiator       : HHH000490: Using JtaPlatform implementation: [org.hibernate.engine.transaction.jta.platform.internal.NoJtaPlatform]
2022-01-13 21:52:07.359  INFO 11352 --- [restartedMain] j.LocalContainerEntityManagerFactoryBean : Initialized JPA EntityManagerFactory for persistence unit 'default'
2022-01-13 21:52:08.010  WARN 11352 --- [restartedMain] JpaBaseConfiguration$JpaWebConfiguration : spring.jpa.open-in-view is enabled by default. Therefore, database queries may be performed during view rendering. Explicitly configure spring.jpa.open-in-view to disable this warning
2022-01-13 21:52:08.858  INFO 11352 --- [restartedMain] o.s.b.d.a.OptionalLiveReloadServer       : LiveReload server is running on port 35729
2022-01-13 21:52:08.925  INFO 11352 --- [restartedMain] o.s.b.w.embedded.tomcat.TomcatWebServer  : Tomcat started on port(s): 8080 (http) with context path ''
2022-01-13 21:52:08.988  INFO 11352 --- [restartedMain] c.c.e.SpringEcommerceApplication         : Started SpringEcommerceApplication in 11.91 seconds (JVM running for 16.314)
2022-01-13 21:52:22.724  INFO 11352 --- [http-nio-8080-exec-1] o.a.c.c.C.[Tomcat].[localhost].[/]       : Initializing Spring DispatcherServlet 'dispatcherServlet'
2022-01-13 21:52:22.725  INFO 11352 --- [http-nio-8080-exec-1] o.s.web.servlet.DispatcherServlet        : Initializing Servlet 'dispatcherServlet'
2022-01-13 21:52:22.728  INFO 11352 --- [http-nio-8080-exec-1] o.s.web.servlet.DispatcherServlet        : Completed initialization in 3 ms
2022-01-13 21:52:22.764  INFO 11352 --- [http-nio-8080-exec-1] c.c.ecommerce.controller.HomeController  : ENTRANDO AL INICIO DEL SISTEMA
2022-01-13 21:52:32.993  INFO 11352 --- [http-nio-8080-exec-1] c.c.ecommerce.controller.HomeController  : Id producto enviado como parametro 3
2022-01-13 21:52:37.541  INFO 11352 --- [http-nio-8080-exec-4] c.c.ecommerce.controller.HomeController  : Producto añadido: Producto [id=3, nombre=Televisor, descripcion=Pantalla de 50", imagen=TV.jpg, precio=600.55, cantidad=5]
2022-01-13 21:52:37.553  INFO 11352 --- [http-nio-8080-exec-4] c.c.ecommerce.controller.HomeController  : Cantidad; 2
2022-01-13 21:52:40.845  INFO 11352 --- [http-nio-8080-exec-7] c.c.ecommerce.controller.HomeController  : ENTRANDO AL INICIO DEL SISTEMA
2022-01-13 21:52:42.969  INFO 11352 --- [http-nio-8080-exec-2] c.c.ecommerce.controller.HomeController  : Id producto enviado como parametro 5
2022-01-13 21:52:45.385  INFO 11352 --- [http-nio-8080-exec-7] c.c.ecommerce.controller.HomeController  : Producto añadido: Producto [id=5, nombre=Impresora, descripcion=Multi Impresora HP, imagen=impresora.jpg, precio=1500.5, cantidad=5]
2022-01-13 21:52:45.386  INFO 11352 --- [http-nio-8080-exec-7] c.c.ecommerce.controller.HomeController  : Cantidad; 1
2022-01-13 21:52:53.573  INFO 11352 --- [http-nio-8080-exec-1] c.c.ecommerce.controller.HomeController  : ENTRANDO AL INICIO DEL SISTEMA
2022-01-13 21:53:16.681  INFO 11352 --- [http-nio-8080-exec-10] c.c.ecommerce.controller.HomeController  : Id producto enviado como parametro 4
2022-01-13 21:53:19.671  INFO 11352 --- [http-nio-8080-exec-8] c.c.ecommerce.controller.HomeController  : Producto añadido: Producto [id=4, nombre=Microfono, descripcion=Micrófono de corbatín, imagen=yeti.jpg, precio=200.0, cantidad=4000]
2022-01-13 21:53:19.673  INFO 11352 --- [http-nio-8080-exec-8] c.c.ecommerce.controller.HomeController  : Cantidad; 1
2022-01-13 21:54:12.698  INFO 11352 --- [SpringApplicationShutdownHook] j.LocalContainerEntityManagerFactoryBean : Closing JPA EntityManagerFactory for persistence unit 'default'
2022-01-13 21:54:12.745  INFO 11352 --- [SpringApplicationShutdownHook] com.zaxxer.hikari.HikariDataSource       : HikariPool-1 - Shutdown initiated...
2022-01-13 21:54:12.808  INFO 11352 --- [SpringApplicationShutdownHook] com.zaxxer.hikari.HikariDataSource       : HikariPool-1 - Shutdown completed.
